c:\users\dave2\desktop\gameplay programming\gameplaypro-project-1\sfmlopengl\debug\vc141.pdb
c:\users\dave2\desktop\gameplay programming\gameplaypro-project-1\sfmlopengl\debug\vc141.idb
c:\users\dave2\desktop\gameplay programming\gameplaypro-project-1\sfmlopengl\debug\main.obj
c:\users\dave2\desktop\gameplay programming\gameplaypro-project-1\sfmlopengl\debug\gameobject.obj
c:\users\dave2\desktop\gameplay programming\gameplaypro-project-1\sfmlopengl\debug\game.obj
c:\users\dave2\desktop\gameplay programming\gameplaypro-project-1\sfmlopengl\debug\easing.obj
c:\users\dave2\desktop\gameplay programming\gameplaypro-project-1\sfmlopengl\debug\stb_image.obj
c:\users\dave2\desktop\gameplay programming\gameplaypro-project-1\debug\sfmlopengl.exe
c:\users\dave2\desktop\gameplay programming\gameplaypro-project-1\debug\sfmlopengl.ilk
c:\users\dave2\desktop\gameplay programming\gameplaypro-project-1\debug\sfmlopengl.pdb
c:\users\student\desktop\new folder\gameplaypro-project-1\sfmlopengl\debug\easing.obj
c:\users\student\desktop\new folder\gameplaypro-project-1\sfmlopengl\debug\game.obj
c:\users\student\desktop\new folder\gameplaypro-project-1\sfmlopengl\debug\gameobject.obj
c:\users\student\desktop\new folder\gameplaypro-project-1\sfmlopengl\debug\main.obj
c:\users\student\desktop\new folder\gameplaypro-project-1\sfmlopengl\debug\stb_image.obj
c:\users\student\desktop\new folder\gameplaypro-project-1\sfmlopengl\debug\vc141.idb
c:\users\student\desktop\new folder\gameplaypro-project-1\sfmlopengl\debug\vc141.pdb
c:\users\student\desktop\new folder\gameplaypro-project-1\debug\sfmlopengl.pdb
c:\users\student\desktop\new folder\gameplaypro-project-1\debug\sfmlopengl.exe
c:\users\student\desktop\new folder\gameplaypro-project-1\debug\sfmlopengl.ilk
c:\users\student\desktop\new folder\gameplaypro-project-1\sfmlopengl\debug\sfmlopengl.tlog\cl.command.1.tlog
c:\users\student\desktop\new folder\gameplaypro-project-1\sfmlopengl\debug\sfmlopengl.tlog\cl.read.1.tlog
c:\users\student\desktop\new folder\gameplaypro-project-1\sfmlopengl\debug\sfmlopengl.tlog\cl.write.1.tlog
c:\users\student\desktop\new folder\gameplaypro-project-1\sfmlopengl\debug\sfmlopengl.tlog\link.command.1.tlog
c:\users\student\desktop\new folder\gameplaypro-project-1\sfmlopengl\debug\sfmlopengl.tlog\link.read.1.tlog
c:\users\student\desktop\new folder\gameplaypro-project-1\sfmlopengl\debug\sfmlopengl.tlog\link.write.1.tlog
